
> @cortex-os/rag@1.0.0 typecheck /Users/jamiecraik/.cortex-os/apps/cortex-os/brain/rag
> tsc -p tsconfig.typecheck.json --noEmit

src/chunkers/dispatch.ts(66,1): error TS1068: Unexpected token. A constructor, method, accessor, or property was expected.
src/chunkers/dispatch.ts(66,3): error TS1109: Expression expected.
src/chunkers/dispatch.ts(66,5): error TS1109: Expression expected.
src/chunkers/dispatch.ts(66,7): error TS1109: Expression expected.
src/chunkers/dispatch.ts(66,14): error TS1005: ';' expected.
src/chunkers/dispatch.ts(67,3): error TS1434: Unexpected keyword or identifier.
src/chunkers/dispatch.ts(67,19): error TS1005: ',' expected.
src/chunkers/dispatch.ts(67,43): error TS1005: ',' expected.
src/chunkers/dispatch.ts(67,62): error TS1005: ';' expected.
src/chunkers/dispatch.ts(67,86): error TS1011: An element access expression should take an argument.
src/chunkers/dispatch.ts(68,11): error TS1005: ':' expected.
src/chunkers/dispatch.ts(68,51): error TS1005: ',' expected.
src/chunkers/dispatch.ts(69,1): error TS1185: Merge conflict marker encountered.
src/chunkers/dispatch.ts(501,1): error TS1005: '}' expected.
src/index/client.ts(12,1): error TS1109: Expression expected.
src/index/client.ts(12,3): error TS1109: Expression expected.
src/index/client.ts(12,5): error TS1109: Expression expected.
src/index/client.ts(12,7): error TS1109: Expression expected.
src/index/client.ts(12,14): error TS1005: ';' expected.
src/index/client.ts(26,1): error TS1185: Merge conflict marker encountered.
src/index/faissd.test.ts(6,1): error TS1109: Expression expected.
src/index/faissd.test.ts(6,3): error TS1109: Expression expected.
src/index/faissd.test.ts(6,5): error TS1109: Expression expected.
src/index/faissd.test.ts(6,7): error TS1109: Expression expected.
src/index/faissd.test.ts(6,14): error TS1005: ';' expected.
src/index/faissd.test.ts(12,1): error TS1185: Merge conflict marker encountered.
src/index/index.ts(2,1): error TS1109: Expression expected.
src/index/index.ts(2,3): error TS1109: Expression expected.
src/index/index.ts(2,5): error TS1109: Expression expected.
src/index/index.ts(2,7): error TS1109: Expression expected.
src/index/index.ts(2,14): error TS1005: ';' expected.
src/index/index.ts(4,1): error TS1185: Merge conflict marker encountered.
src/policy/load.ts(6,1): error TS1109: Expression expected.
src/policy/load.ts(6,3): error TS1109: Expression expected.
src/policy/load.ts(6,5): error TS1109: Expression expected.
src/policy/load.ts(6,7): error TS1109: Expression expected.
src/policy/load.ts(6,14): error TS1005: ';' expected.
src/policy/load.ts(10,1): error TS1185: Merge conflict marker encountered.
 ELIFECYCLE  Command failed with exit code 2.
